<?xml version="1.0" encoding="UTF-8"?>
<!-- Generated by org.testng.reporters.JUnitXMLReporter -->
<testsuite ignored="3" hostname="DESKTOP-H3NCHNL" failures="0" tests="1" name="Default test" time="15.487" errors="0" timestamp="2022-03-12T18:31:49 AEDT">
  <testcase classname="testcases.LoginTest" name="LoginNegativeTest" time="8.55"/>
  <testcase classname="testcases.LoginTest" name="LoginPositiveTest" time="0.0">
    <ignored/>
  </testcase> <!-- LoginPositiveTest -->
  <testcase classname="testcases.LoginTest" name="ParameterizedString" time="0.0">
    <ignored/>
  </testcase> <!-- ParameterizedString -->
  <testcase classname="testcases.LoginTest" name="ExternalDataSet" time="0.0">
    <ignored/>
  </testcase> <!-- ExternalDataSet -->
</testsuite> <!-- Default test -->
