<?xml version="1.0" encoding="UTF-8"?>
<!-- Generated by org.testng.reporters.JUnitXMLReporter -->
<testsuite ignored="0" hostname="DESKTOP-H3NCHNL" failures="0" tests="4" name="Test" time="40.644" errors="0" timestamp="2022-03-12T18:44:24 AEDT">
  <testcase classname="testcases.LoginTest" name="ExternalDataSet" time="4.622"/>
  <testcase classname="testcases.LoginTest" name="LoginNegativeTest" time="6.311"/>
  <testcase classname="testcases.LoginTest" name="LoginPositiveTest" time="5.385"/>
  <testcase classname="testcases.LoginTest" name="ParameterizedString" time="5.252"/>
</testsuite> <!-- Test -->
